SF:lib\core\error\failure.dart
DA:6,8
DA:10,1
DA:11,2
DA:15,1
DA:22,8
DA:29,0
LF:6
LH:5
end_of_record
SF:lib\features\application\domain\entity\application_entity
DA:9,2
DA:16,1
DA:17,1
DA:18,1
DA:19,1
DA:20,1
DA:21,1
LF:7
LH:7
end_of_record
SF:lib\features\application\domain\usecase\get_all_applications_usecase.dart
DA:9,1
DA:11,1
DA:12,2
LF:3
LH:3
end_of_record
SF:lib\features\jobs\domain\entity\jobs_entity
DA:15,3
LF:1
LH:1
end_of_record
SF:lib\features\jobs\domain\use_case\get_job_by_id_usecase.dart
DA:9,1
DA:11,1
DA:12,2
LF:3
LH:3
end_of_record
SF:lib\features\application\presentation\view_model\application_event.dart
DA:4,1
DA:6,0
DA:7,0
DA:11,1
LF:4
LH:2
end_of_record
SF:lib\features\application\presentation\view_model\application_state.dart
DA:8,2
DA:14,1
DA:22,1
DA:27,1
DA:28,1
DA:29,0
DA:30,1
DA:34,1
DA:35,4
LF:9
LH:8
end_of_record
SF:lib\features\application\presentation\view_model\application_bloc.dart
DA:12,1
DA:15,2
DA:16,2
DA:19,1
DA:23,3
DA:25,2
DA:26,1
DA:27,1
DA:28,4
DA:29,4
LF:10
LH:10
end_of_record
SF:lib\features\auth\domain\use_case\login_usecase.dart
DA:13,2
DA:19,0
DA:23,0
DA:24,0
DA:31,1
DA:33,1
DA:35,6
DA:36,1
DA:37,2
DA:38,1
DA:39,2
DA:40,4
DA:41,1
DA:43,1
LF:14
LH:11
end_of_record
SF:lib\app\shared_prefs\token_shared_prefs.dart
DA:9,0
DA:11,0
DA:13,0
DA:14,0
DA:16,0
DA:20,0
DA:22,0
DA:23,0
DA:25,0
LF:9
LH:0
end_of_record
SF:lib\features\auth\domain\entity\auth_entity
DA:11,1
DA:20,1
DA:21,1
DA:22,4
DA:23,2
LF:5
LH:5
end_of_record
SF:lib\features\auth\domain\use_case\register_user_usecase.dart
DA:15,1
DA:24,0
DA:32,0
DA:33,0
DA:39,1
DA:41,1
DA:43,1
DA:44,1
DA:45,1
DA:46,1
DA:47,1
DA:48,1
DA:50,2
LF:13
LH:10
end_of_record
SF:lib\features\auth\domain\use_case\upload_image_usecase.dart
DA:12,0
DA:20,0
DA:22,0
DA:24,0
LF:4
LH:0
end_of_record
SF:lib\features\auth\presentation\view_model\login\login_state.dart
DA:7,0
DA:12,0
DA:16,0
DA:20,0
DA:21,0
DA:22,0
LF:6
LH:0
end_of_record
SF:lib\features\auth\presentation\view_model\login\login_event.dart
DA:4,0
DA:6,0
DA:7,0
DA:14,0
DA:24,0
DA:35,0
LF:6
LH:0
end_of_record
SF:lib\features\auth\presentation\view_model\login\login_bloc.dart
DA:19,0
DA:26,0
DA:27,0
DA:28,0
DA:29,0
DA:30,0
DA:31,0
DA:32,0
DA:33,0
DA:39,0
DA:40,0
DA:41,0
DA:42,0
DA:43,0
DA:44,0
DA:45,0
DA:51,0
DA:52,0
DA:53,0
DA:54,0
DA:55,0
DA:56,0
DA:57,0
DA:61,0
DA:62,0
DA:63,0
DA:64,0
DA:65,0
DA:70,0
DA:71,0
DA:74,0
DA:75,0
DA:80,0
DA:81,0
DA:82,0
LF:35
LH:0
end_of_record
SF:lib\features\auth\presentation\view_model\signup\register_event.dart
DA:4,0
DA:6,0
DA:7,0
DA:14,0
DA:28,0
DA:40,0
LF:6
LH:0
end_of_record
SF:lib\features\auth\presentation\view_model\signup\register_state.dart
DA:8,0
DA:14,0
DA:19,0
DA:24,0
DA:25,0
DA:26,0
DA:27,0
LF:7
LH:0
end_of_record
SF:lib\features\auth\presentation\view_model\signup\register_bloc.dart
DA:18,0
DA:24,0
DA:25,0
DA:26,0
DA:29,0
DA:33,0
DA:34,0
DA:35,0
DA:36,0
DA:37,0
DA:38,0
DA:39,0
DA:40,0
DA:44,0
DA:45,0
DA:46,0
DA:48,0
DA:49,0
DA:50,0
DA:55,0
DA:59,0
DA:60,0
DA:61,0
DA:64,0
DA:65,0
DA:66,0
DA:67,0
LF:27
LH:0
end_of_record
SF:lib\features\home\presentation\view_model\home_cubit.dart
DA:6,0
DA:8,0
DA:9,0
LF:3
LH:0
end_of_record
SF:lib\app\constants\api_endpoints.dart
DA:2,0
LF:1
LH:0
end_of_record
SF:lib\app\constants\hive_table_constant.dart
DA:2,0
LF:1
LH:0
end_of_record
SF:lib\app\di\di.dart
DA:22,0
DA:24,0
DA:25,0
DA:26,0
DA:27,0
DA:28,0
DA:29,0
DA:30,0
DA:31,0
DA:32,0
DA:35,0
DA:36,0
DA:37,0
DA:40,0
DA:42,0
DA:45,0
DA:46,0
DA:49,0
DA:50,0
DA:51,0
DA:57,0
DA:60,0
DA:61,0
DA:64,0
DA:65,0
DA:70,0
DA:71,0
DA:73,0
DA:74,0
DA:78,0
DA:79,0
DA:80,0
DA:84,0
DA:85,0
DA:86,0
DA:90,0
DA:91,0
DA:92,0
DA:93,0
DA:100,0
DA:101,0
DA:102,0
DA:108,0
DA:110,0
DA:111,0
DA:116,0
DA:117,0
DA:119,0
DA:120,0
DA:121,0
DA:122,0
DA:123,0
DA:128,0
DA:129,0
DA:130,0
LF:55
LH:0
end_of_record
SF:lib\core\network\api_service.dart
DA:10,0
DA:12,0
DA:13,0
DA:14,0
DA:15,0
DA:16,0
DA:17,0
DA:18,0
DA:20,0
LF:9
LH:0
end_of_record
SF:lib\core\network\hive_service.dart
DA:9,0
DA:10,0
DA:11,0
DA:13,0
DA:16,0
DA:21,0
DA:22,0
DA:23,0
DA:26,0
DA:27,0
DA:28,0
DA:31,0
DA:32,0
DA:33,0
DA:37,0
DA:45,0
DA:46,0
DA:47,0
DA:48,0
DA:52,0
DA:53,0
DA:59,0
DA:60,0
DA:63,0
DA:64,0
LF:25
LH:0
end_of_record
SF:lib\features\auth\data\data_source\local_datasource\auth_local_datasource.dart
DA:11,0
DA:13,0
DA:15,0
DA:24,0
DA:27,0
DA:28,0
DA:30,0
DA:34,0
DA:38,0
DA:40,0
DA:41,0
DA:43,0
DA:47,0
DA:49,0
LF:14
LH:0
end_of_record
SF:lib\features\auth\data\data_source\remote_datasource\auth_remote_datasource.dart
DA:12,0
DA:14,0
DA:18,0
DA:19,0
DA:21,0
DA:23,0
DA:26,0
DA:28,0
DA:29,0
DA:31,0
DA:35,0
DA:38,0
DA:41,0
DA:44,0
DA:49,0
DA:50,0
DA:53,0
DA:55,0
DA:56,0
DA:58,0
DA:62,0
DA:65,0
DA:66,0
DA:67,0
DA:69,0
DA:72,0
DA:76,0
DA:77,0
DA:79,0
DA:81,0
DA:82,0
DA:84,0
LF:32
LH:0
end_of_record
SF:lib\features\auth\data\repository\auth_local_repository\auth_local_repository.dart
DA:13,0
DA:15,0
DA:18,0
DA:19,0
DA:21,0
DA:25,0
DA:28,0
DA:30,0
DA:34,0
DA:37,0
DA:40,0
DA:44,0
DA:45,0
DA:47,0
LF:14
LH:0
end_of_record
SF:lib\features\auth\data\repository\auth_remote_repository.dart\auth_remote_repository.dart
DA:13,0
DA:15,0
DA:18,0
DA:19,0
DA:21,0
DA:25,0
DA:28,0
DA:31,0
DA:35,0
DA:36,0
DA:38,0
DA:42,0
DA:45,0
DA:46,0
DA:48,0
LF:15
LH:0
end_of_record
SF:lib\features\splash\presentation\view_model\on_boarding\on_boarding_cubit.dart
DA:7,0
DA:8,0
DA:10,0
DA:11,0
DA:12,0
DA:16,0
DA:17,0
DA:22,0
DA:23,0
DA:25,0
DA:26,0
DA:27,0
LF:12
LH:0
end_of_record
SF:lib\features\splash\presentation\view_model\splash_cubit.dart
DA:7,0
DA:11,0
DA:12,0
DA:15,0
DA:16,0
DA:18,0
DA:19,0
DA:20,0
LF:8
LH:0
end_of_record
SF:lib\core\common\snackbar\my_snackbar.dart
DA:2,0
DA:7,0
DA:9,0
DA:13,0
DA:14,0
LF:5
LH:0
end_of_record
SF:lib\core\network\dio_error_interceptor.dart
DA:4,0
DA:6,0
DA:8,0
DA:9,0
DA:10,0
DA:11,0
DA:12,0
DA:13,0
DA:16,0
DA:17,0
DA:18,0
DA:20,0
DA:25,0
DA:26,0
DA:28,0
DA:31,0
LF:16
LH:0
end_of_record
SF:lib\features\auth\data\model\auth_hive_model.dart
DA:23,0
DA:28,0
DA:31,0
DA:38,0
DA:39,0
DA:40,0
DA:41,0
DA:42,0
DA:43,0
DA:47,0
DA:48,0
DA:49,0
DA:50,0
DA:53,0
DA:58,0
DA:60,0
DA:61,0
DA:64,0
DA:65,0
LF:19
LH:0
end_of_record
SF:lib\features\auth\data\model\auth_hive_model.g.dart
DA:13,0
DA:15,0
DA:16,0
DA:17,0
DA:19,0
DA:20,0
DA:21,0
DA:22,0
DA:23,0
DA:27,0
DA:30,0
DA:31,0
DA:32,0
DA:33,0
DA:34,0
DA:35,0
DA:36,0
DA:37,0
DA:38,0
DA:41,0
DA:42,0
DA:44,0
DA:47,0
DA:48,0
DA:49,0
LF:25
LH:0
end_of_record
SF:lib\features\auth\data\model\auth_api_model.dart
DA:19,0
DA:28,0
DA:29,0
DA:31,0
DA:34,0
DA:35,0
DA:36,0
DA:37,0
DA:38,0
DA:39,0
DA:40,0
DA:43,0
DA:44,0
DA:45,0
DA:46,0
DA:47,0
DA:48,0
DA:49,0
DA:52,0
DA:54,0
LF:20
LH:0
end_of_record
SF:lib\features\auth\data\model\auth_api_model.g.dart
DA:9,0
DA:10,0
DA:11,0
DA:12,0
DA:13,0
DA:14,0
DA:15,0
DA:18,0
DA:19,0
DA:20,0
DA:21,0
DA:22,0
DA:23,0
DA:24,0
DA:25,0
LF:15
LH:0
end_of_record
SF:lib\features\auth\presentation\view\login_view.dart
DA:8,8
DA:10,0
DA:11,0
DA:25,0
DA:27,0
DA:28,0
DA:29,0
DA:30,0
DA:31,0
DA:34,0
DA:35,0
DA:41,0
DA:42,0
DA:44,0
DA:50,0
DA:52,0
DA:53,0
DA:54,0
DA:56,0
DA:57,0
DA:63,0
DA:65,0
DA:66,0
DA:67,0
DA:69,0
DA:87,0
DA:88,0
DA:89,0
DA:100,0
DA:103,0
DA:104,0
DA:105,0
DA:106,0
DA:107,0
DA:109,0
DA:110,0
DA:111,0
DA:116,0
DA:117,0
DA:118,0
DA:130,0
DA:133,0
DA:135,0
DA:136,0
DA:137,0
DA:138,0
DA:139,0
DA:141,0
DA:142,0
DA:151,0
DA:153,0
DA:154,0
DA:164,0
DA:166,0
DA:173,0
DA:174,0
DA:175,0
DA:187,0
DA:189,0
DA:190,0
DA:191,0
DA:192,0
DA:198,0
DA:200,0
DA:201,0
LF:65
LH:1
end_of_record
SF:lib\features\auth\presentation\view\sign_up_view.dart
DA:11,2
DA:13,0
DA:14,0
DA:25,0
DA:26,0
DA:27,0
DA:28,0
DA:33,0
DA:35,0
DA:37,0
DA:38,0
DA:39,0
DA:40,0
DA:47,0
DA:51,0
DA:53,0
DA:54,0
DA:55,0
DA:56,0
DA:57,0
DA:60,0
DA:61,0
DA:67,0
DA:68,0
DA:70,0
DA:76,0
DA:77,0
DA:79,0
DA:85,0
DA:86,0
DA:88,0
DA:94,0
DA:96,0
DA:97,0
DA:98,0
DA:100,0
DA:101,0
DA:107,0
DA:109,0
DA:110,0
DA:111,0
DA:112,0
DA:114,0
DA:115,0
DA:126,0
DA:136,0
DA:137,0
DA:138,0
DA:139,0
DA:147,0
DA:149,0
DA:151,0
DA:152,0
DA:153,0
DA:154,0
DA:155,0
DA:156,0
DA:161,0
DA:162,0
DA:163,0
DA:164,0
DA:174,0
DA:175,0
DA:178,0
DA:180,0
DA:181,0
DA:189,0
DA:191,0
DA:193,0
DA:195,0
DA:197,0
DA:199,0
DA:201,0
DA:203,0
DA:205,0
DA:207,0
DA:209,0
DA:211,0
DA:212,0
DA:213,0
DA:214,0
DA:215,0
DA:220,0
DA:221,0
DA:222,0
DA:228,0
DA:230,0
DA:231,0
DA:232,0
DA:234,0
DA:235,0
DA:236,0
DA:237,0
DA:239,0
DA:240,0
DA:241,0
DA:242,0
DA:248,0
DA:250,0
DA:252,0
DA:262,0
DA:264,0
DA:269,0
DA:270,0
DA:271,0
DA:273,0
DA:274,0
DA:294,0
DA:302,0
DA:304,0
DA:305,0
DA:307,0
DA:309,0
DA:312,0
LF:114
LH:1
end_of_record
SF:lib\features\home\presentation\view\home_view.dart
DA:8,2
DA:10,0
DA:11,0
DA:15,0
DA:17,0
DA:18,0
DA:19,0
DA:20,0
DA:22,0
DA:25,0
DA:26,0
DA:27,0
DA:46,0
DA:49,0
DA:50,0
LF:15
LH:1
end_of_record
SF:lib\features\dashboard\presentation\view\dashboard_view.dart
DA:4,2
DA:6,0
DA:8,0
DA:10,0
DA:11,0
DA:12,0
DA:14,0
DA:15,0
DA:16,0
DA:17,0
DA:18,0
DA:19,0
DA:20,0
DA:28,0
DA:29,0
DA:38,0
DA:40,0
DA:41,0
DA:43,0
DA:65,0
DA:68,0
DA:70,0
DA:81,0
DA:82,0
DA:84,0
DA:86,0
DA:87,0
DA:88,0
DA:90,0
DA:95,0
DA:96,0
DA:99,0
DA:100,0
DA:110,0
DA:111,0
DA:113,0
DA:114,0
DA:115,0
DA:116,0
DA:123,0
DA:124,0
DA:135,0
DA:136,0
DA:138,0
DA:140,0
DA:142,0
DA:144,0
DA:145,0
DA:154,0
DA:166,0
DA:167,0
DA:168,0
DA:169,0
DA:170,0
DA:171,0
DA:172,0
DA:173,0
DA:174,0
DA:175,0
DA:178,0
DA:180,0
DA:191,0
DA:196,0
DA:197,0
DA:199,0
DA:201,0
DA:202,0
DA:203,0
DA:205,0
DA:210,0
DA:211,0
DA:212,0
DA:216,0
DA:222,0
DA:223,0
DA:225,0
DA:226,0
DA:228,0
DA:230,0
DA:238,0
DA:239,0
DA:240,0
DA:244,0
DA:245,0
DA:249,0
DA:253,0
DA:254,0
DA:258,0
DA:272,0
DA:281,0
DA:282,0
DA:284,0
DA:285,0
DA:287,0
DA:289,0
DA:297,0
DA:298,0
DA:307,0
DA:313,0
DA:319,0
DA:329,0
DA:330,0
DA:333,0
DA:335,0
DA:336,0
DA:337,0
DA:339,0
DA:344,0
DA:346,0
DA:347,0
DA:355,0
DA:357,0
DA:358,0
DA:362,0
DA:375,0
DA:377,0
DA:380,0
DA:382,0
DA:383,0
DA:384,0
DA:386,0
DA:391,0
DA:392,0
DA:399,0
DA:400,0
DA:402,0
DA:403,0
DA:411,0
DA:413,0
DA:414,0
DA:418,0
DA:420,0
DA:421,0
DA:427,0
LF:134
LH:1
end_of_record
SF:lib\features\home\presentation\view_model\home_state.dart
DA:12,0
DA:18,0
DA:19,0
DA:21,0
DA:33,0
DA:34,0
DA:44,0
DA:48,0
DA:49,0
DA:50,0
DA:54,0
DA:55,0
LF:12
LH:0
end_of_record
SF:lib\features\jobs\domain\use_case\get_all_jobs_usecase.dart
DA:10,1
DA:12,1
DA:14,2
LF:3
LH:3
end_of_record
SF:lib\features\jobs\presentation\view_model\job_event.dart
DA:4,1
DA:6,0
DA:7,0
DA:11,1
DA:13,0
DA:14,0
DA:20,1
DA:22,0
DA:23,0
LF:9
LH:3
end_of_record
SF:lib\features\jobs\presentation\view_model\job_state.dart
DA:9,1
DA:16,1
DA:17,1
DA:18,1
DA:24,1
DA:30,1
DA:31,1
DA:32,1
DA:33,0
DA:38,1
DA:39,5
LF:11
LH:10
end_of_record
SF:lib\features\jobs\presentation\view_model\job_bloc.dart
DA:14,1
DA:19,2
DA:20,2
DA:21,2
DA:24,1
DA:28,3
DA:30,2
DA:31,1
DA:32,1
DA:33,4
DA:34,4
DA:38,1
DA:42,3
DA:44,3
DA:45,1
DA:46,1
DA:47,4
DA:48,4
LF:18
LH:18
end_of_record
SF:lib\app\app.dart
DA:13,1
DA:14,1
DA:16,1
DA:17,1
DA:18,1
DA:19,0
DA:21,1
DA:22,0
DA:24,1
DA:25,0
DA:27,1
DA:28,0
DA:31,1
DA:35,1
LF:14
LH:10
end_of_record
SF:lib\features\splash\presentation\view\splash_view.dart
DA:8,1
DA:10,1
DA:11,1
DA:15,1
DA:17,1
DA:19,1
DA:20,0
DA:21,0
DA:30,1
DA:32,1
DA:34,1
DA:35,1
DA:37,1
DA:38,1
DA:41,1
LF:15
LH:13
end_of_record
SF:lib\features\splash\presentation\view\onboarding_view.dart
DA:6,0
DA:8,0
DA:9,0
DA:52,0
DA:54,0
DA:56,0
DA:57,0
DA:58,0
DA:59,0
DA:61,0
DA:68,0
DA:69,0
DA:70,0
DA:72,0
DA:73,0
DA:74,0
DA:75,0
DA:76,0
DA:77,0
DA:78,0
DA:81,0
DA:82,0
DA:83,0
DA:87,0
DA:89,0
DA:90,0
DA:91,0
DA:93,0
DA:96,0
DA:107,0
DA:108,0
DA:110,0
DA:112,0
DA:113,0
DA:114,0
DA:119,0
DA:120,0
DA:121,0
DA:123,0
DA:128,0
DA:129,0
DA:130,0
DA:132,0
DA:138,0
DA:140,0
DA:141,0
DA:143,0
DA:145,0
DA:152,0
DA:153,0
DA:154,0
DA:155,0
DA:156,0
DA:160,0
DA:162,0
DA:163,0
DA:172,0
DA:173,0
DA:174,0
DA:175,0
DA:177,0
DA:179,0
DA:180,0
DA:181,0
DA:182,0
DA:188,0
DA:190,0
DA:195,0
DA:197,0
DA:200,0
DA:209,0
DA:210,0
DA:213,0
DA:214,0
DA:215,0
DA:216,0
DA:218,0
DA:224,0
DA:226,0
DA:227,0
DA:231,0
DA:232,0
DA:233,0
DA:250,0
DA:262,0
LF:85
LH:0
end_of_record
