SF:lib\core\error\failure.dart
DA:6,1
DA:10,0
DA:11,0
DA:15,0
DA:22,1
DA:29,0
LF:6
LH:2
end_of_record
SF:lib\features\auth\domain\entity\auth_entity
DA:11,1
DA:20,1
DA:21,1
DA:22,4
DA:23,2
LF:5
LH:5
end_of_record
SF:lib\features\auth\domain\use_case\register_user_usecase.dart
DA:15,1
DA:24,0
DA:32,0
DA:33,0
DA:39,1
DA:41,1
DA:43,1
DA:44,1
DA:45,1
DA:46,1
DA:47,1
DA:48,1
DA:50,2
LF:13
LH:10
end_of_record
SF:lib\features\auth\domain\use_case\upload_image_usecase.dart
DA:12,0
DA:20,0
DA:22,0
DA:24,0
LF:4
LH:0
end_of_record
